<?xml version="1.0" encoding="UTF-8"?>
<testsuite xmlns:xsi="http://www.w3.org/2001/XMLSchema-instance" xsi:noNamespaceSchemaLocation="https://maven.apache.org/surefire/maven-surefire-plugin/xsd/surefire-test-report.xsd" name="com.atguigu.gmall.cart.GmallCartApplicationTests" time="0.575" tests="2" errors="1" skipped="0" failures="0">
  <properties>
[...]
</properties>
  <testcase name="testJson" classname="com.atguigu.gmall.cart.GmallCartApplicationTests" time="0.402"/>
  <testcase name="contextLoads" classname="com.atguigu.gmall.cart.GmallCartApplicationTests" time="0.003">
    <error type="java.lang.NullPointerException">java.lang.NullPointerException
	at com.atguigu.gmall.cart.GmallCartApplicationTests.contextLoads(GmallCartApplicationTests.java:45)
</error>
  </testcase>
</testsuite>