<?xml version="1.0" encoding="UTF-8"?>
<testsuite xmlns:xsi="http://www.w3.org/2001/XMLSchema-instance" xsi:noNamespaceSchemaLocation="https://maven.apache.org/surefire/maven-surefire-plugin/xsd/surefire-test-report.xsd" name="com.atguigu.gmall.search.GmallSearchApplicationTests" time="14.936" tests="7" errors="1" skipped="0" failures="0">
  <properties>
[...]
</properties>
  <testcase name="delete" classname="com.atguigu.gmall.search.GmallSearchApplicationTests" time="0.009"/>
  <testcase name="seachByDSL" classname="com.atguigu.gmall.search.GmallSearchApplicationTests" time="0.015"/>
  <testcase name="aggs" classname="com.atguigu.gmall.search.GmallSearchApplicationTests" time="0.142">
    <error type="java.lang.NullPointerException">java.lang.NullPointerException
	at com.atguigu.gmall.search.GmallSearchApplicationTests.printResult(GmallSearchApplicationTests.java:255)
	at com.atguigu.gmall.search.GmallSearchApplicationTests.aggs(GmallSearchApplicationTests.java:238)
</error>
    <system-out><![CDATA[{
  "size" : 1000,
  "query" : {
    "terms" : {
      "gender.keyword" : [
        "M",
        "F"
      ],
      "boost" : 1.0
    }
  },
  "aggregations" : {
    "age_agg" : {
      "terms" : {
        "field" : "age",
        "size" : 100,
        "min_doc_count" : 1,
        "shard_min_doc_count" : 0,
        "show_term_doc_count_error" : false,
        "order" : [
          {
            "_count" : "desc"
          },
          {
            "_term" : "asc"
          }
        ]
      },
      "aggregations" : {
        "gender_agg" : {
          "terms" : {
            "field" : "gender.keyword",
            "size" : 100,
            "min_doc_count" : 1,
            "shard_min_doc_count" : 0,
            "show_term_doc_count_error" : false,
            "order" : [
              {
                "_count" : "desc"
              },
              {
                "_term" : "asc"
              }
            ]
          },
          "aggregations" : {
            "balance_avg" : {
              "avg" : {
                "field" : "balance"
              }
            }
          }
        },
        "balance_avg" : {
          "avg" : {
            "field" : "balance"
          }
        }
      }
    }
  }
}
0==>null
]]></system-out>
  </testcase>
  <testcase name="index" classname="com.atguigu.gmall.search.GmallSearchApplicationTests" time="0.009"/>
  <testcase name="searchFz" classname="com.atguigu.gmall.search.GmallSearchApplicationTests" time="0.144"/>
  <testcase name="contextLoads" classname="com.atguigu.gmall.search.GmallSearchApplicationTests" time="0.003"/>
  <testcase name="searchAll" classname="com.atguigu.gmall.search.GmallSearchApplicationTests" time="0.008"/>
</testsuite>